{"C:\\Users\\MrPc\\Desktop\\New folder\\Function-project\\functions\\src\\dependency-factory.ts": {"path":"C:\\Users\\MrPc\\Desktop\\New folder\\Function-project\\functions\\src\\dependency-factory.ts","statementMap":{"0":{"start":{"line":2,"column":0},"end":{"line":2,"column":81}},"1":{"start":{"line":3,"column":0},"end":{"line":3,"column":81}},"2":{"start":{"line":5,"column":0},"end":{"line":5,"column":58}},"3":{"start":{"line":9,"column":36},"end":{"line":9,"column":67}},"4":{"start":{"line":10,"column":36},"end":{"line":10,"column":60}},"5":{"start":{"line":11,"column":4},"end":{"line":11,"column":null}},"6":{"start":{"line":7,"column":0},"end":{"line":7,"column":13}}},"fnMap":{"0":{"name":"(anonymous_0)","decl":{"start":{"line":8,"column":2},"end":{"line":8,"column":22}},"loc":{"start":{"line":8,"column":22},"end":{"line":12,"column":3}}}},"branchMap":{},"s":{"0":1,"1":1,"2":1,"3":3,"4":3,"5":3,"6":1},"f":{"0":3},"b":{}}
,"C:\\Users\\MrPc\\Desktop\\New folder\\Function-project\\functions\\src\\index.ts": {"path":"C:\\Users\\MrPc\\Desktop\\New folder\\Function-project\\functions\\src\\index.ts","statementMap":{"0":{"start":{"line":1,"column":0},"end":{"line":1,"column":48}},"1":{"start":{"line":2,"column":0},"end":{"line":2,"column":40}},"2":{"start":{"line":3,"column":0},"end":{"line":3,"column":57}},"3":{"start":{"line":5,"column":26},"end":{"line":5,"column":49}},"4":{"start":{"line":7,"column":23},"end":{"line":7,"column":57}},"5":{"start":{"line":9,"column":0},"end":{"line":12,"column":null}},"6":{"start":{"line":15,"column":13},"end":{"line":19,"column":5}},"7":{"start":{"line":18,"column":4},"end":{"line":18,"column":85}},"8":{"start":{"line":21,"column":13},"end":{"line":25,"column":5}},"9":{"start":{"line":24,"column":4},"end":{"line":24,"column":78}},"10":{"start":{"line":27,"column":13},"end":{"line":31,"column":3}},"11":{"start":{"line":30,"column":2},"end":{"line":30,"column":78}}},"fnMap":{"0":{"name":"(anonymous_0)","decl":{"start":{"line":17,"column":12},"end":{"line":17,"column":13}},"loc":{"start":{"line":17,"column":30},"end":{"line":19,"column":3}}},"1":{"name":"(anonymous_1)","decl":{"start":{"line":23,"column":12},"end":{"line":23,"column":13}},"loc":{"start":{"line":23,"column":30},"end":{"line":25,"column":3}}},"2":{"name":"(anonymous_2)","decl":{"start":{"line":29,"column":10},"end":{"line":29,"column":11}},"loc":{"start":{"line":29,"column":27},"end":{"line":31,"column":1}}}},"branchMap":{},"s":{"0":1,"1":1,"2":1,"3":1,"4":1,"5":1,"6":1,"7":1,"8":1,"9":1,"10":1,"11":1},"f":{"0":1,"1":1,"2":1},"b":{}}
,"C:\\Users\\MrPc\\Desktop\\New folder\\Function-project\\functions\\src\\products\\product.controller.firebase.ts": {"path":"C:\\Users\\MrPc\\Desktop\\New folder\\Function-project\\functions\\src\\products\\product.controller.firebase.ts","statementMap":{"0":{"start":{"line":9,"column":22},"end":{"line":9,"column":52}},"1":{"start":{"line":12,"column":20},"end":{"line":12,"column":42}},"2":{"start":{"line":13,"column":4},"end":{"line":13,"column":84}},"3":{"start":{"line":18,"column":20},"end":{"line":18,"column":49}},"4":{"start":{"line":19,"column":19},"end":{"line":19,"column":47}},"5":{"start":{"line":21,"column":4},"end":{"line":21,"column":87}},"6":{"start":{"line":25,"column":18},"end":{"line":25,"column":38}},"7":{"start":{"line":26,"column":4},"end":{"line":26,"column":72}},"8":{"start":{"line":8,"column":0},"end":{"line":8,"column":13}}},"fnMap":{"0":{"name":"(anonymous_0)","decl":{"start":{"line":9,"column":2},"end":{"line":9,"column":22}},"loc":{"start":{"line":9,"column":52},"end":{"line":9,"column":56}}},"1":{"name":"(anonymous_1)","decl":{"start":{"line":11,"column":2},"end":{"line":11,"column":19}},"loc":{"start":{"line":11,"column":65},"end":{"line":14,"column":3}}},"2":{"name":"(anonymous_2)","decl":{"start":{"line":16,"column":2},"end":{"line":16,"column":15}},"loc":{"start":{"line":16,"column":69},"end":{"line":22,"column":3}}},"3":{"name":"(anonymous_3)","decl":{"start":{"line":24,"column":2},"end":{"line":24,"column":12}},"loc":{"start":{"line":24,"column":108},"end":{"line":27,"column":3}}}},"branchMap":{},"s":{"0":3,"1":1,"2":1,"3":1,"4":1,"5":1,"6":1,"7":1,"8":1},"f":{"0":3,"1":1,"2":1,"3":1},"b":{}}
,"C:\\Users\\MrPc\\Desktop\\New folder\\Function-project\\functions\\src\\products\\product.repository.firebase.ts": {"path":"C:\\Users\\MrPc\\Desktop\\New folder\\Function-project\\functions\\src\\products\\product.repository.firebase.ts","statementMap":{"0":{"start":{"line":1,"column":0},"end":{"line":1,"column":40}},"1":{"start":{"line":10,"column":4},"end":{"line":10,"column":74}},"2":{"start":{"line":14,"column":4},"end":{"line":14,"column":54}},"3":{"start":{"line":15,"column":4},"end":{"line":15,"column":70}},"4":{"start":{"line":19,"column":4},"end":{"line":31,"column":6}},"5":{"start":{"line":20,"column":20},"end":{"line":20,"column":39}},"6":{"start":{"line":21,"column":6},"end":{"line":21,"column":36}},"7":{"start":{"line":23,"column":6},"end":{"line":28,"column":10}},"8":{"start":{"line":27,"column":9},"end":{"line":27,"column":28}},"9":{"start":{"line":30,"column":5},"end":{"line":30,"column":24}},"10":{"start":{"line":37,"column":4},"end":{"line":49,"column":9}},"11":{"start":{"line":38,"column":6},"end":{"line":45,"column":9}},"12":{"start":{"line":39,"column":22},"end":{"line":39,"column":41}},"13":{"start":{"line":40,"column":32},"end":{"line":40,"column":57}},"14":{"start":{"line":42,"column":8},"end":{"line":42,"column":41}},"15":{"start":{"line":43,"column":8},"end":{"line":43,"column":55}},"16":{"start":{"line":44,"column":8},"end":{"line":44,"column":118}},"17":{"start":{"line":48,"column":8},"end":{"line":48,"column":27}},"18":{"start":{"line":55,"column":4},"end":{"line":59,"column":15}},"19":{"start":{"line":62,"column":4},"end":{"line":73,"column":7}},"20":{"start":{"line":63,"column":20},"end":{"line":63,"column":39}},"21":{"start":{"line":64,"column":6},"end":{"line":64,"column":78}},"22":{"start":{"line":65,"column":6},"end":{"line":70,"column":11}},"23":{"start":{"line":69,"column":10},"end":{"line":69,"column":29}},"24":{"start":{"line":72,"column":6},"end":{"line":72,"column":25}},"25":{"start":{"line":8,"column":0},"end":{"line":8,"column":13}}},"fnMap":{"0":{"name":"(anonymous_0)","decl":{"start":{"line":9,"column":2},"end":{"line":9,"column":19}},"loc":{"start":{"line":9,"column":51},"end":{"line":11,"column":3}}},"1":{"name":"(anonymous_1)","decl":{"start":{"line":13,"column":2},"end":{"line":13,"column":15}},"loc":{"start":{"line":13,"column":68},"end":{"line":16,"column":3}}},"2":{"name":"(anonymous_2)","decl":{"start":{"line":18,"column":9},"end":{"line":18,"column":35}},"loc":{"start":{"line":18,"column":70},"end":{"line":32,"column":4}}},"3":{"name":"(anonymous_3)","decl":{"start":{"line":19,"column":59},"end":{"line":19,"column":68}},"loc":{"start":{"line":19,"column":71},"end":{"line":29,"column":4}}},"4":{"name":"(anonymous_4)","decl":{"start":{"line":26,"column":14},"end":{"line":26,"column":19}},"loc":{"start":{"line":26,"column":22},"end":{"line":28,"column":8}}},"5":{"name":"(anonymous_5)","decl":{"start":{"line":29,"column":12},"end":{"line":29,"column":17}},"loc":{"start":{"line":29,"column":20},"end":{"line":31,"column":4}}},"6":{"name":"(anonymous_6)","decl":{"start":{"line":35,"column":10},"end":{"line":35,"column":37}},"loc":{"start":{"line":35,"column":90},"end":{"line":50,"column":3}}},"7":{"name":"(anonymous_7)","decl":{"start":{"line":37,"column":106},"end":{"line":37,"column":115}},"loc":{"start":{"line":37,"column":128},"end":{"line":46,"column":5}}},"8":{"name":"(anonymous_8)","decl":{"start":{"line":38,"column":28},"end":{"line":38,"column":37}},"loc":{"start":{"line":38,"column":40},"end":{"line":45,"column":7}}},"9":{"name":"(anonymous_9)","decl":{"start":{"line":47,"column":13},"end":{"line":47,"column":18}},"loc":{"start":{"line":47,"column":21},"end":{"line":49,"column":7}}},"10":{"name":"(anonymous_10)","decl":{"start":{"line":52,"column":2},"end":{"line":52,"column":12}},"loc":{"start":{"line":52,"column":39},"end":{"line":74,"column":5}}},"11":{"name":"(anonymous_11)","decl":{"start":{"line":62,"column":73},"end":{"line":62,"column":82}},"loc":{"start":{"line":62,"column":85},"end":{"line":71,"column":5}}},"12":{"name":"(anonymous_12)","decl":{"start":{"line":68,"column":15},"end":{"line":68,"column":20}},"loc":{"start":{"line":68,"column":23},"end":{"line":70,"column":9}}},"13":{"name":"(anonymous_13)","decl":{"start":{"line":71,"column":13},"end":{"line":71,"column":18}},"loc":{"start":{"line":71,"column":21},"end":{"line":73,"column":5}}}},"branchMap":{},"s":{"0":1,"1":1,"2":1,"3":1,"4":1,"5":1,"6":1,"7":1,"8":0,"9":0,"10":1,"11":1,"12":1,"13":1,"14":1,"15":1,"16":1,"17":0,"18":1,"19":1,"20":1,"21":1,"22":1,"23":0,"24":0,"25":1},"f":{"0":1,"1":1,"2":1,"3":1,"4":0,"5":0,"6":1,"7":1,"8":1,"9":0,"10":1,"11":1,"12":0,"13":0},"b":{}}
,"C:\\Users\\MrPc\\Desktop\\New folder\\Function-project\\functions\\src\\products\\product.service.ts": {"path":"C:\\Users\\MrPc\\Desktop\\New folder\\Function-project\\functions\\src\\products\\product.service.ts","statementMap":{"0":{"start":{"line":8,"column":22},"end":{"line":8,"column":58}},"1":{"start":{"line":12,"column":25},"end":{"line":12,"column":57}},"2":{"start":{"line":13,"column":4},"end":{"line":13,"column":70}},"3":{"start":{"line":17,"column":33},"end":{"line":20,"column":null}},"4":{"start":{"line":21,"column":4},"end":{"line":21,"column":25}},"5":{"start":{"line":25,"column":4},"end":{"line":25,"column":75}},"6":{"start":{"line":31,"column":3},"end":{"line":31,"column":51}},"7":{"start":{"line":36,"column":4},"end":{"line":36,"column":61}},"8":{"start":{"line":6,"column":0},"end":{"line":6,"column":13}}},"fnMap":{"0":{"name":"(anonymous_0)","decl":{"start":{"line":8,"column":2},"end":{"line":8,"column":22}},"loc":{"start":{"line":8,"column":58},"end":{"line":9,"column":3}}},"1":{"name":"(anonymous_1)","decl":{"start":{"line":11,"column":2},"end":{"line":11,"column":19}},"loc":{"start":{"line":11,"column":55},"end":{"line":14,"column":3}}},"2":{"name":"(anonymous_2)","decl":{"start":{"line":16,"column":2},"end":{"line":16,"column":13}},"loc":{"start":{"line":16,"column":45},"end":{"line":22,"column":3}}},"3":{"name":"(anonymous_3)","decl":{"start":{"line":24,"column":2},"end":{"line":24,"column":15}},"loc":{"start":{"line":24,"column":68},"end":{"line":26,"column":3}}},"4":{"name":"(anonymous_4)","decl":{"start":{"line":30,"column":2},"end":{"line":30,"column":12}},"loc":{"start":{"line":30,"column":41},"end":{"line":32,"column":3}}},"5":{"name":"(anonymous_5)","decl":{"start":{"line":35,"column":2},"end":{"line":35,"column":22}},"loc":{"start":{"line":35,"column":52},"end":{"line":37,"column":3}}}},"branchMap":{},"s":{"0":5,"1":1,"2":1,"3":3,"4":3,"5":1,"6":1,"7":1,"8":2},"f":{"0":5,"1":1,"2":3,"3":1,"4":1,"5":1},"b":{}}
}
