{"C:\\Users\\MrPc\\Desktop\\New folder\\Function-project\\functions\\src\\dependency-factory.ts": {"path":"C:\\Users\\MrPc\\Desktop\\New folder\\Function-project\\functions\\src\\dependency-factory.ts","statementMap":{"0":{"start":{"line":2,"column":0},"end":{"line":2,"column":81}},"1":{"start":{"line":3,"column":0},"end":{"line":3,"column":81}},"2":{"start":{"line":5,"column":0},"end":{"line":5,"column":58}},"3":{"start":{"line":9,"column":36},"end":{"line":9,"column":67}},"4":{"start":{"line":10,"column":36},"end":{"line":10,"column":60}},"5":{"start":{"line":11,"column":4},"end":{"line":11,"column":null}},"6":{"start":{"line":7,"column":0},"end":{"line":7,"column":13}}},"fnMap":{"0":{"name":"(anonymous_0)","decl":{"start":{"line":8,"column":2},"end":{"line":8,"column":22}},"loc":{"start":{"line":8,"column":22},"end":{"line":12,"column":3}}}},"branchMap":{},"s":{"0":1,"1":1,"2":1,"3":1,"4":1,"5":1,"6":1},"f":{"0":1},"b":{}}
,"C:\\Users\\MrPc\\Desktop\\New folder\\Function-project\\functions\\src\\index.ts": {"path":"C:\\Users\\MrPc\\Desktop\\New folder\\Function-project\\functions\\src\\index.ts","statementMap":{"0":{"start":{"line":1,"column":0},"end":{"line":1,"column":48}},"1":{"start":{"line":2,"column":0},"end":{"line":2,"column":40}},"2":{"start":{"line":3,"column":0},"end":{"line":3,"column":57}},"3":{"start":{"line":5,"column":26},"end":{"line":5,"column":49}},"4":{"start":{"line":7,"column":0},"end":{"line":7,"column":22}},"5":{"start":{"line":9,"column":13},"end":{"line":13,"column":5}},"6":{"start":{"line":12,"column":4},"end":{"line":12,"column":85}},"7":{"start":{"line":15,"column":13},"end":{"line":19,"column":5}},"8":{"start":{"line":18,"column":4},"end":{"line":18,"column":78}},"9":{"start":{"line":21,"column":13},"end":{"line":25,"column":3}},"10":{"start":{"line":24,"column":2},"end":{"line":24,"column":78}}},"fnMap":{"0":{"name":"(anonymous_0)","decl":{"start":{"line":11,"column":12},"end":{"line":11,"column":13}},"loc":{"start":{"line":11,"column":30},"end":{"line":13,"column":3}}},"1":{"name":"(anonymous_1)","decl":{"start":{"line":17,"column":12},"end":{"line":17,"column":13}},"loc":{"start":{"line":17,"column":30},"end":{"line":19,"column":3}}},"2":{"name":"(anonymous_2)","decl":{"start":{"line":23,"column":10},"end":{"line":23,"column":11}},"loc":{"start":{"line":23,"column":27},"end":{"line":25,"column":1}}}},"branchMap":{},"s":{"0":1,"1":1,"2":1,"3":1,"4":1,"5":1,"6":1,"7":1,"8":0,"9":1,"10":0},"f":{"0":1,"1":0,"2":0},"b":{}}
,"C:\\Users\\MrPc\\Desktop\\New folder\\Function-project\\functions\\src\\products\\product.controller.firebase.ts": {"path":"C:\\Users\\MrPc\\Desktop\\New folder\\Function-project\\functions\\src\\products\\product.controller.firebase.ts","statementMap":{"0":{"start":{"line":8,"column":22},"end":{"line":8,"column":52}},"1":{"start":{"line":11,"column":20},"end":{"line":11,"column":42}},"2":{"start":{"line":12,"column":4},"end":{"line":12,"column":29}},"3":{"start":{"line":13,"column":4},"end":{"line":13,"column":84}},"4":{"start":{"line":17,"column":20},"end":{"line":17,"column":49}},"5":{"start":{"line":18,"column":19},"end":{"line":18,"column":47}},"6":{"start":{"line":19,"column":4},"end":{"line":19,"column":87}},"7":{"start":{"line":23,"column":4},"end":{"line":23,"column":66}},"8":{"start":{"line":7,"column":0},"end":{"line":7,"column":13}}},"fnMap":{"0":{"name":"(anonymous_0)","decl":{"start":{"line":8,"column":2},"end":{"line":8,"column":22}},"loc":{"start":{"line":8,"column":52},"end":{"line":8,"column":56}}},"1":{"name":"(anonymous_1)","decl":{"start":{"line":10,"column":2},"end":{"line":10,"column":19}},"loc":{"start":{"line":10,"column":65},"end":{"line":14,"column":3}}},"2":{"name":"(anonymous_2)","decl":{"start":{"line":16,"column":2},"end":{"line":16,"column":15}},"loc":{"start":{"line":16,"column":69},"end":{"line":20,"column":3}}},"3":{"name":"(anonymous_3)","decl":{"start":{"line":22,"column":2},"end":{"line":22,"column":12}},"loc":{"start":{"line":22,"column":108},"end":{"line":24,"column":3}}}},"branchMap":{},"s":{"0":1,"1":1,"2":1,"3":1,"4":0,"5":0,"6":0,"7":0,"8":1},"f":{"0":1,"1":1,"2":0,"3":0},"b":{}}
,"C:\\Users\\MrPc\\Desktop\\New folder\\Function-project\\functions\\src\\products\\product.repository.firebase.ts": {"path":"C:\\Users\\MrPc\\Desktop\\New folder\\Function-project\\functions\\src\\products\\product.repository.firebase.ts","statementMap":{"0":{"start":{"line":1,"column":0},"end":{"line":1,"column":40}},"1":{"start":{"line":10,"column":4},"end":{"line":10,"column":33}},"2":{"start":{"line":11,"column":4},"end":{"line":11,"column":74}},"3":{"start":{"line":15,"column":4},"end":{"line":15,"column":54}},"4":{"start":{"line":16,"column":4},"end":{"line":16,"column":70}},"5":{"start":{"line":20,"column":4},"end":{"line":32,"column":6}},"6":{"start":{"line":21,"column":20},"end":{"line":21,"column":39}},"7":{"start":{"line":22,"column":6},"end":{"line":22,"column":36}},"8":{"start":{"line":24,"column":6},"end":{"line":29,"column":10}},"9":{"start":{"line":28,"column":9},"end":{"line":28,"column":28}},"10":{"start":{"line":31,"column":5},"end":{"line":31,"column":24}},"11":{"start":{"line":38,"column":4},"end":{"line":50,"column":9}},"12":{"start":{"line":39,"column":6},"end":{"line":46,"column":9}},"13":{"start":{"line":40,"column":22},"end":{"line":40,"column":41}},"14":{"start":{"line":41,"column":32},"end":{"line":41,"column":57}},"15":{"start":{"line":43,"column":8},"end":{"line":43,"column":41}},"16":{"start":{"line":44,"column":8},"end":{"line":44,"column":55}},"17":{"start":{"line":45,"column":8},"end":{"line":45,"column":118}},"18":{"start":{"line":49,"column":8},"end":{"line":49,"column":27}},"19":{"start":{"line":56,"column":4},"end":{"line":60,"column":15}},"20":{"start":{"line":63,"column":4},"end":{"line":74,"column":7}},"21":{"start":{"line":64,"column":20},"end":{"line":64,"column":39}},"22":{"start":{"line":65,"column":6},"end":{"line":65,"column":78}},"23":{"start":{"line":66,"column":6},"end":{"line":71,"column":11}},"24":{"start":{"line":70,"column":10},"end":{"line":70,"column":29}},"25":{"start":{"line":73,"column":6},"end":{"line":73,"column":25}},"26":{"start":{"line":8,"column":0},"end":{"line":8,"column":13}}},"fnMap":{"0":{"name":"(anonymous_0)","decl":{"start":{"line":9,"column":2},"end":{"line":9,"column":19}},"loc":{"start":{"line":9,"column":51},"end":{"line":12,"column":3}}},"1":{"name":"(anonymous_1)","decl":{"start":{"line":14,"column":2},"end":{"line":14,"column":15}},"loc":{"start":{"line":14,"column":68},"end":{"line":17,"column":3}}},"2":{"name":"(anonymous_2)","decl":{"start":{"line":19,"column":9},"end":{"line":19,"column":35}},"loc":{"start":{"line":19,"column":70},"end":{"line":33,"column":4}}},"3":{"name":"(anonymous_3)","decl":{"start":{"line":20,"column":59},"end":{"line":20,"column":68}},"loc":{"start":{"line":20,"column":71},"end":{"line":30,"column":4}}},"4":{"name":"(anonymous_4)","decl":{"start":{"line":27,"column":14},"end":{"line":27,"column":19}},"loc":{"start":{"line":27,"column":22},"end":{"line":29,"column":8}}},"5":{"name":"(anonymous_5)","decl":{"start":{"line":30,"column":12},"end":{"line":30,"column":17}},"loc":{"start":{"line":30,"column":20},"end":{"line":32,"column":4}}},"6":{"name":"(anonymous_6)","decl":{"start":{"line":36,"column":10},"end":{"line":36,"column":37}},"loc":{"start":{"line":36,"column":90},"end":{"line":51,"column":3}}},"7":{"name":"(anonymous_7)","decl":{"start":{"line":38,"column":106},"end":{"line":38,"column":115}},"loc":{"start":{"line":38,"column":128},"end":{"line":47,"column":5}}},"8":{"name":"(anonymous_8)","decl":{"start":{"line":39,"column":28},"end":{"line":39,"column":37}},"loc":{"start":{"line":39,"column":40},"end":{"line":46,"column":7}}},"9":{"name":"(anonymous_9)","decl":{"start":{"line":48,"column":13},"end":{"line":48,"column":18}},"loc":{"start":{"line":48,"column":21},"end":{"line":50,"column":7}}},"10":{"name":"(anonymous_10)","decl":{"start":{"line":53,"column":2},"end":{"line":53,"column":12}},"loc":{"start":{"line":53,"column":39},"end":{"line":75,"column":5}}},"11":{"name":"(anonymous_11)","decl":{"start":{"line":63,"column":73},"end":{"line":63,"column":82}},"loc":{"start":{"line":63,"column":85},"end":{"line":72,"column":5}}},"12":{"name":"(anonymous_12)","decl":{"start":{"line":69,"column":15},"end":{"line":69,"column":20}},"loc":{"start":{"line":69,"column":23},"end":{"line":71,"column":9}}},"13":{"name":"(anonymous_13)","decl":{"start":{"line":72,"column":13},"end":{"line":72,"column":18}},"loc":{"start":{"line":72,"column":21},"end":{"line":74,"column":5}}}},"branchMap":{},"s":{"0":1,"1":1,"2":1,"3":0,"4":0,"5":0,"6":0,"7":0,"8":0,"9":0,"10":0,"11":0,"12":0,"13":0,"14":0,"15":0,"16":0,"17":0,"18":0,"19":0,"20":0,"21":0,"22":0,"23":0,"24":0,"25":0,"26":1},"f":{"0":1,"1":0,"2":0,"3":0,"4":0,"5":0,"6":0,"7":0,"8":0,"9":0,"10":0,"11":0,"12":0,"13":0},"b":{}}
,"C:\\Users\\MrPc\\Desktop\\New folder\\Function-project\\functions\\src\\products\\product.service.ts": {"path":"C:\\Users\\MrPc\\Desktop\\New folder\\Function-project\\functions\\src\\products\\product.service.ts","statementMap":{"0":{"start":{"line":8,"column":22},"end":{"line":8,"column":58}},"1":{"start":{"line":12,"column":25},"end":{"line":12,"column":57}},"2":{"start":{"line":13,"column":4},"end":{"line":13,"column":25}},"3":{"start":{"line":14,"column":4},"end":{"line":14,"column":70}},"4":{"start":{"line":18,"column":33},"end":{"line":21,"column":null}},"5":{"start":{"line":22,"column":4},"end":{"line":22,"column":25}},"6":{"start":{"line":26,"column":4},"end":{"line":26,"column":75}},"7":{"start":{"line":32,"column":25},"end":{"line":32,"column":89}},"8":{"start":{"line":33,"column":3},"end":{"line":33,"column":51}},"9":{"start":{"line":38,"column":4},"end":{"line":38,"column":61}},"10":{"start":{"line":42,"column":33},"end":{"line":46,"column":null}},"11":{"start":{"line":47,"column":4},"end":{"line":47,"column":25}},"12":{"start":{"line":6,"column":0},"end":{"line":6,"column":13}}},"fnMap":{"0":{"name":"(anonymous_0)","decl":{"start":{"line":8,"column":2},"end":{"line":8,"column":22}},"loc":{"start":{"line":8,"column":58},"end":{"line":9,"column":3}}},"1":{"name":"(anonymous_1)","decl":{"start":{"line":11,"column":2},"end":{"line":11,"column":19}},"loc":{"start":{"line":11,"column":55},"end":{"line":15,"column":3}}},"2":{"name":"(anonymous_2)","decl":{"start":{"line":17,"column":2},"end":{"line":17,"column":13}},"loc":{"start":{"line":17,"column":45},"end":{"line":23,"column":3}}},"3":{"name":"(anonymous_3)","decl":{"start":{"line":25,"column":2},"end":{"line":25,"column":15}},"loc":{"start":{"line":25,"column":68},"end":{"line":27,"column":3}}},"4":{"name":"(anonymous_4)","decl":{"start":{"line":31,"column":2},"end":{"line":31,"column":12}},"loc":{"start":{"line":31,"column":28},"end":{"line":34,"column":3}}},"5":{"name":"(anonymous_5)","decl":{"start":{"line":37,"column":2},"end":{"line":37,"column":22}},"loc":{"start":{"line":37,"column":52},"end":{"line":39,"column":3}}},"6":{"name":"(anonymous_6)","decl":{"start":{"line":41,"column":2},"end":{"line":41,"column":13}},"loc":{"start":{"line":41,"column":69},"end":{"line":48,"column":3}}}},"branchMap":{},"s":{"0":4,"1":1,"2":1,"3":1,"4":3,"5":3,"6":0,"7":0,"8":0,"9":0,"10":1,"11":1,"12":2},"f":{"0":4,"1":1,"2":3,"3":0,"4":0,"5":0,"6":1},"b":{}}
}
